Started GET "/" for 10.45.0.65 at 2024-10-02 15:31:20 +0000
Processing by Rails::WelcomeController#index as HTML
  Rendering /usr/local/bundle/ruby/3.3.0/gems/railties-7.2.1/lib/rails/templates/rails/welcome/index.html.erb
  Rendered /usr/local/bundle/ruby/3.3.0/gems/railties-7.2.1/lib/rails/templates/rails/welcome/index.html.erb (Duration: 0.8ms | GC: 0.0ms)
Completed 200 OK in 20ms (Views: 5.8ms | GC: 0.0ms)


Started GET "/" for 10.45.0.65 at 2024-10-03 13:25:11 +0000
Processing by Rails::WelcomeController#index as HTML
  Rendering /usr/local/bundle/gems/railties-7.2.1/lib/rails/templates/rails/welcome/index.html.erb
  Rendered /usr/local/bundle/gems/railties-7.2.1/lib/rails/templates/rails/welcome/index.html.erb (Duration: 1.0ms | GC: 0.0ms)
Completed 200 OK in 21ms (Views: 5.3ms | GC: 0.0ms)


Started GET "/up" for 10.45.0.65 at 2024-10-03 14:52:09 +0000
Processing by Rails::HealthController#show as HTML
  Rendering html template
  Rendered html template (Duration: 0.1ms | GC: 0.0ms)
Completed 200 OK in 5ms (Views: 3.8ms | GC: 0.0ms)


Started GET "/favicon.ico" for 10.45.0.65 at 2024-10-03 14:52:10 +0000
  
ActionController::RoutingError (No route matches [GET] "/favicon.ico"):
  
Started GET "/service-worker" for 10.45.0.65 at 2024-10-03 14:52:13 +0000
Processing by Rails::PwaController#service_worker as HTML
Completed 500 Internal Server Error in 5ms (GC: 0.0ms)


  
ActionView::MissingTemplate (Missing template pwa/service-worker with {:locale=>[:en], :formats=>[:html], :variants=>[], :handlers=>[:raw, :erb, :html, :builder, :ruby]}.

Searched in:
  * "/usr/local/bundle/gems/railties-7.2.1/lib/rails/templates"
  * "/app/app/views"
):
  
actionview (7.2.1) lib/action_view/path_set.rb:42:in `find'
actionview (7.2.1) lib/action_view/lookup_context.rb:131:in `find'
actionview (7.2.1) lib/action_view/renderer/template_renderer.rb:49:in `determine_template'
actionview (7.2.1) lib/action_view/renderer/template_renderer.rb:7:in `render'
actionview (7.2.1) lib/action_view/renderer/renderer.rb:58:in `render_template_to_object'
actionview (7.2.1) lib/action_view/renderer/renderer.rb:31:in `render_to_object'
actionview (7.2.1) lib/action_view/rendering.rb:135:in `block in _render_template'
actionview (7.2.1) lib/action_view/base.rb:308:in `in_rendering_context'
actionview (7.2.1) lib/action_view/rendering.rb:134:in `_render_template'
actionpack (7.2.1) lib/action_controller/metal/streaming.rb:258:in `_render_template'
actionview (7.2.1) lib/action_view/rendering.rb:121:in `render_to_body'
actionpack (7.2.1) lib/action_controller/metal/rendering.rb:186:in `render_to_body'
actionpack (7.2.1) lib/action_controller/metal/renderers.rb:142:in `render_to_body'
actionpack (7.2.1) lib/abstract_controller/rendering.rb:29:in `render'
actionpack (7.2.1) lib/action_controller/metal/rendering.rb:167:in `render'
actionpack (7.2.1) lib/action_controller/metal/instrumentation.rb:32:in `block (2 levels) in render'
/usr/local/lib/ruby/3.3.0/benchmark.rb:313:in `realtime'
activesupport (7.2.1) lib/active_support/core_ext/benchmark.rb:14:in `ms'
actionpack (7.2.1) lib/action_controller/metal/instrumentation.rb:32:in `block in render'
actionpack (7.2.1) lib/action_controller/metal/instrumentation.rb:101:in `cleanup_view_runtime'
actionpack (7.2.1) lib/action_controller/metal/instrumentation.rb:31:in `render'
railties (7.2.1) lib/rails/pwa_controller.rb:9:in `service_worker'
actionpack (7.2.1) lib/action_controller/metal/basic_implicit_render.rb:8:in `send_action'
actionpack (7.2.1) lib/abstract_controller/base.rb:226:in `process_action'
actionpack (7.2.1) lib/action_controller/metal/rendering.rb:193:in `process_action'
actionpack (7.2.1) lib/abstract_controller/callbacks.rb:261:in `block in process_action'
activesupport (7.2.1) lib/active_support/callbacks.rb:110:in `run_callbacks'
actionpack (7.2.1) lib/abstract_controller/callbacks.rb:260:in `process_action'
actionpack (7.2.1) lib/action_controller/metal/rescue.rb:27:in `process_action'
actionpack (7.2.1) lib/action_controller/metal/instrumentation.rb:77:in `block in process_action'
activesupport (7.2.1) lib/active_support/notifications.rb:210:in `block in instrument'
activesupport (7.2.1) lib/active_support/notifications/instrumenter.rb:58:in `instrument'
activesupport (7.2.1) lib/active_support/notifications.rb:210:in `instrument'
actionpack (7.2.1) lib/action_controller/metal/instrumentation.rb:76:in `process_action'
actionpack (7.2.1) lib/action_controller/metal/params_wrapper.rb:259:in `process_action'
actionpack (7.2.1) lib/abstract_controller/base.rb:163:in `process'
actionview (7.2.1) lib/action_view/rendering.rb:40:in `process'
actionpack (7.2.1) lib/action_controller/metal.rb:252:in `dispatch'
actionpack (7.2.1) lib/action_controller/metal.rb:335:in `dispatch'
actionpack (7.2.1) lib/action_dispatch/routing/route_set.rb:67:in `dispatch'
actionpack (7.2.1) lib/action_dispatch/routing/route_set.rb:50:in `serve'
actionpack (7.2.1) lib/action_dispatch/journey/router.rb:53:in `block in serve'
actionpack (7.2.1) lib/action_dispatch/journey/router.rb:133:in `block in find_routes'
actionpack (7.2.1) lib/action_dispatch/journey/router.rb:126:in `each'
actionpack (7.2.1) lib/action_dispatch/journey/router.rb:126:in `find_routes'
actionpack (7.2.1) lib/action_dispatch/journey/router.rb:34:in `serve'
actionpack (7.2.1) lib/action_dispatch/routing/route_set.rb:896:in `call'
rack (3.1.7) lib/rack/tempfile_reaper.rb:20:in `call'
rack (3.1.7) lib/rack/etag.rb:29:in `call'
rack (3.1.7) lib/rack/conditional_get.rb:31:in `call'
rack (3.1.7) lib/rack/head.rb:15:in `call'
actionpack (7.2.1) lib/action_dispatch/http/permissions_policy.rb:38:in `call'
actionpack (7.2.1) lib/action_dispatch/http/content_security_policy.rb:36:in `call'
rack-session (2.0.0) lib/rack/session/abstract/id.rb:272:in `context'
rack-session (2.0.0) lib/rack/session/abstract/id.rb:266:in `call'
actionpack (7.2.1) lib/action_dispatch/middleware/cookies.rb:704:in `call'
actionpack (7.2.1) lib/action_dispatch/middleware/callbacks.rb:31:in `block in call'
activesupport (7.2.1) lib/active_support/callbacks.rb:101:in `run_callbacks'
actionpack (7.2.1) lib/action_dispatch/middleware/callbacks.rb:30:in `call'
actionpack (7.2.1) lib/action_dispatch/middleware/executor.rb:16:in `call'
actionpack (7.2.1) lib/action_dispatch/middleware/actionable_exceptions.rb:18:in `call'
actionpack (7.2.1) lib/action_dispatch/middleware/debug_exceptions.rb:31:in `call'
actionpack (7.2.1) lib/action_dispatch/middleware/show_exceptions.rb:32:in `call'
railties (7.2.1) lib/rails/rack/logger.rb:41:in `call_app'
railties (7.2.1) lib/rails/rack/logger.rb:29:in `call'
sprockets-rails (3.5.2) lib/sprockets/rails/quiet_assets.rb:17:in `call'
actionpack (7.2.1) lib/action_dispatch/middleware/remote_ip.rb:96:in `call'
actionpack (7.2.1) lib/action_dispatch/middleware/request_id.rb:33:in `call'
rack (3.1.7) lib/rack/method_override.rb:28:in `call'
rack (3.1.7) lib/rack/runtime.rb:24:in `call'
activesupport (7.2.1) lib/active_support/cache/strategy/local_cache_middleware.rb:29:in `call'
actionpack (7.2.1) lib/action_dispatch/middleware/server_timing.rb:61:in `block in call'
actionpack (7.2.1) lib/action_dispatch/middleware/server_timing.rb:26:in `collect_events'
actionpack (7.2.1) lib/action_dispatch/middleware/server_timing.rb:60:in `call'
actionpack (7.2.1) lib/action_dispatch/middleware/executor.rb:16:in `call'
actionpack (7.2.1) lib/action_dispatch/middleware/static.rb:27:in `call'
rack (3.1.7) lib/rack/sendfile.rb:114:in `call'
actionpack (7.2.1) lib/action_dispatch/middleware/host_authorization.rb:143:in `call'
railties (7.2.1) lib/rails/engine.rb:535:in `call'
puma (6.4.3) lib/puma/configuration.rb:272:in `call'
puma (6.4.3) lib/puma/request.rb:100:in `block in handle_request'
puma (6.4.3) lib/puma/thread_pool.rb:378:in `with_force_shutdown'
puma (6.4.3) lib/puma/request.rb:99:in `handle_request'
puma (6.4.3) lib/puma/server.rb:464:in `process_client'
puma (6.4.3) lib/puma/server.rb:245:in `block in run'
puma (6.4.3) lib/puma/thread_pool.rb:155:in `block in spawn_thread'
Started GET "/manifest" for 10.45.0.65 at 2024-10-03 14:52:33 +0000
Processing by Rails::PwaController#manifest as HTML
Completed 500 Internal Server Error in 4ms (GC: 2.5ms)


  
ActionView::MissingTemplate (Missing template pwa/manifest with {:locale=>[:en], :formats=>[:html], :variants=>[], :handlers=>[:raw, :erb, :html, :builder, :ruby]}.

Searched in:
  * "/usr/local/bundle/gems/railties-7.2.1/lib/rails/templates"
  * "/app/app/views"
):
  
actionview (7.2.1) lib/action_view/path_set.rb:42:in `find'
actionview (7.2.1) lib/action_view/lookup_context.rb:131:in `find'
actionview (7.2.1) lib/action_view/renderer/template_renderer.rb:49:in `determine_template'
actionview (7.2.1) lib/action_view/renderer/template_renderer.rb:7:in `render'
actionview (7.2.1) lib/action_view/renderer/renderer.rb:58:in `render_template_to_object'
actionview (7.2.1) lib/action_view/renderer/renderer.rb:31:in `render_to_object'
actionview (7.2.1) lib/action_view/rendering.rb:135:in `block in _render_template'
actionview (7.2.1) lib/action_view/base.rb:308:in `in_rendering_context'
actionview (7.2.1) lib/action_view/rendering.rb:134:in `_render_template'
actionpack (7.2.1) lib/action_controller/metal/streaming.rb:258:in `_render_template'
actionview (7.2.1) lib/action_view/rendering.rb:121:in `render_to_body'
actionpack (7.2.1) lib/action_controller/metal/rendering.rb:186:in `render_to_body'
actionpack (7.2.1) lib/action_controller/metal/renderers.rb:142:in `render_to_body'
actionpack (7.2.1) lib/abstract_controller/rendering.rb:29:in `render'
actionpack (7.2.1) lib/action_controller/metal/rendering.rb:167:in `render'
actionpack (7.2.1) lib/action_controller/metal/instrumentation.rb:32:in `block (2 levels) in render'
/usr/local/lib/ruby/3.3.0/benchmark.rb:313:in `realtime'
activesupport (7.2.1) lib/active_support/core_ext/benchmark.rb:14:in `ms'
actionpack (7.2.1) lib/action_controller/metal/instrumentation.rb:32:in `block in render'
actionpack (7.2.1) lib/action_controller/metal/instrumentation.rb:101:in `cleanup_view_runtime'
actionpack (7.2.1) lib/action_controller/metal/instrumentation.rb:31:in `render'
railties (7.2.1) lib/rails/pwa_controller.rb:13:in `manifest'
actionpack (7.2.1) lib/action_controller/metal/basic_implicit_render.rb:8:in `send_action'
actionpack (7.2.1) lib/abstract_controller/base.rb:226:in `process_action'
actionpack (7.2.1) lib/action_controller/metal/rendering.rb:193:in `process_action'
actionpack (7.2.1) lib/abstract_controller/callbacks.rb:261:in `block in process_action'
activesupport (7.2.1) lib/active_support/callbacks.rb:110:in `run_callbacks'
actionpack (7.2.1) lib/abstract_controller/callbacks.rb:260:in `process_action'
actionpack (7.2.1) lib/action_controller/metal/rescue.rb:27:in `process_action'
actionpack (7.2.1) lib/action_controller/metal/instrumentation.rb:77:in `block in process_action'
activesupport (7.2.1) lib/active_support/notifications.rb:210:in `block in instrument'
activesupport (7.2.1) lib/active_support/notifications/instrumenter.rb:58:in `instrument'
activesupport (7.2.1) lib/active_support/notifications.rb:210:in `instrument'
actionpack (7.2.1) lib/action_controller/metal/instrumentation.rb:76:in `process_action'
actionpack (7.2.1) lib/action_controller/metal/params_wrapper.rb:259:in `process_action'
actionpack (7.2.1) lib/abstract_controller/base.rb:163:in `process'
actionview (7.2.1) lib/action_view/rendering.rb:40:in `process'
actionpack (7.2.1) lib/action_controller/metal.rb:252:in `dispatch'
actionpack (7.2.1) lib/action_controller/metal.rb:335:in `dispatch'
actionpack (7.2.1) lib/action_dispatch/routing/route_set.rb:67:in `dispatch'
actionpack (7.2.1) lib/action_dispatch/routing/route_set.rb:50:in `serve'
actionpack (7.2.1) lib/action_dispatch/journey/router.rb:53:in `block in serve'
actionpack (7.2.1) lib/action_dispatch/journey/router.rb:133:in `block in find_routes'
actionpack (7.2.1) lib/action_dispatch/journey/router.rb:126:in `each'
actionpack (7.2.1) lib/action_dispatch/journey/router.rb:126:in `find_routes'
actionpack (7.2.1) lib/action_dispatch/journey/router.rb:34:in `serve'
actionpack (7.2.1) lib/action_dispatch/routing/route_set.rb:896:in `call'
rack (3.1.7) lib/rack/tempfile_reaper.rb:20:in `call'
rack (3.1.7) lib/rack/etag.rb:29:in `call'
rack (3.1.7) lib/rack/conditional_get.rb:31:in `call'
rack (3.1.7) lib/rack/head.rb:15:in `call'
actionpack (7.2.1) lib/action_dispatch/http/permissions_policy.rb:38:in `call'
actionpack (7.2.1) lib/action_dispatch/http/content_security_policy.rb:36:in `call'
rack-session (2.0.0) lib/rack/session/abstract/id.rb:272:in `context'
rack-session (2.0.0) lib/rack/session/abstract/id.rb:266:in `call'
actionpack (7.2.1) lib/action_dispatch/middleware/cookies.rb:704:in `call'
actionpack (7.2.1) lib/action_dispatch/middleware/callbacks.rb:31:in `block in call'
activesupport (7.2.1) lib/active_support/callbacks.rb:101:in `run_callbacks'
actionpack (7.2.1) lib/action_dispatch/middleware/callbacks.rb:30:in `call'
actionpack (7.2.1) lib/action_dispatch/middleware/executor.rb:16:in `call'
actionpack (7.2.1) lib/action_dispatch/middleware/actionable_exceptions.rb:18:in `call'
actionpack (7.2.1) lib/action_dispatch/middleware/debug_exceptions.rb:31:in `call'
actionpack (7.2.1) lib/action_dispatch/middleware/show_exceptions.rb:32:in `call'
railties (7.2.1) lib/rails/rack/logger.rb:41:in `call_app'
railties (7.2.1) lib/rails/rack/logger.rb:29:in `call'
sprockets-rails (3.5.2) lib/sprockets/rails/quiet_assets.rb:17:in `call'
actionpack (7.2.1) lib/action_dispatch/middleware/remote_ip.rb:96:in `call'
actionpack (7.2.1) lib/action_dispatch/middleware/request_id.rb:33:in `call'
rack (3.1.7) lib/rack/method_override.rb:28:in `call'
rack (3.1.7) lib/rack/runtime.rb:24:in `call'
activesupport (7.2.1) lib/active_support/cache/strategy/local_cache_middleware.rb:29:in `call'
actionpack (7.2.1) lib/action_dispatch/middleware/server_timing.rb:61:in `block in call'
actionpack (7.2.1) lib/action_dispatch/middleware/server_timing.rb:26:in `collect_events'
actionpack (7.2.1) lib/action_dispatch/middleware/server_timing.rb:60:in `call'
actionpack (7.2.1) lib/action_dispatch/middleware/executor.rb:16:in `call'
actionpack (7.2.1) lib/action_dispatch/middleware/static.rb:27:in `call'
rack (3.1.7) lib/rack/sendfile.rb:114:in `call'
actionpack (7.2.1) lib/action_dispatch/middleware/host_authorization.rb:143:in `call'
railties (7.2.1) lib/rails/engine.rb:535:in `call'
puma (6.4.3) lib/puma/configuration.rb:272:in `call'
puma (6.4.3) lib/puma/request.rb:100:in `block in handle_request'
puma (6.4.3) lib/puma/thread_pool.rb:378:in `with_force_shutdown'
puma (6.4.3) lib/puma/request.rb:99:in `handle_request'
puma (6.4.3) lib/puma/server.rb:464:in `process_client'
puma (6.4.3) lib/puma/server.rb:245:in `block in run'
puma (6.4.3) lib/puma/thread_pool.rb:155:in `block in spawn_thread'
Started GET "/cars" for 10.45.0.65 at 2024-10-03 14:54:17 +0000
  
ActionController::RoutingError (No route matches [GET] "/cars"):
  
Started GET "/cars" for 10.45.0.65 at 2024-10-03 15:02:14 +0000
  
ActionController::RoutingError (No route matches [GET] "/cars"):
  
Started GET "/" for 10.45.0.65 at 2024-10-03 15:03:43 +0000
Processing by CarsController#index as HTML
  Rendering text template
  Rendered text template (Duration: 2.1ms | GC: 0.0ms)
Completed 200 OK in 21ms (Views: 6.4ms | ActiveRecord: 0.0ms (0 queries, 0 cached) | GC: 0.0ms)


Started GET "/" for 10.45.0.65 at 2024-10-04 12:07:53 +0000
Processing by CarsController#index as HTML
  Rendering text template
  Rendered text template (Duration: 0.1ms | GC: 0.0ms)
Completed 200 OK in 19ms (Views: 4.5ms | ActiveRecord: 0.0ms (0 queries, 0 cached) | GC: 0.0ms)


Started GET "/favicon.ico" for 10.45.0.65 at 2024-10-04 12:07:53 +0000
  
ActionController::RoutingError (No route matches [GET] "/favicon.ico"):
  
Started GET "/" for 10.45.0.65 at 2024-10-04 12:20:57 +0000
Processing by CarsController#index as HTML
  Rendering text template
  Rendered text template (Duration: 0.1ms | GC: 0.0ms)
Completed 200 OK in 17ms (Views: 5.3ms | ActiveRecord: 0.0ms (0 queries, 0 cached) | GC: 0.0ms)


  [1m[35m (6.5ms)[0m  [1m[35mCREATE TABLE "schema_migrations" ("version" character varying NOT NULL PRIMARY KEY)[0m
  [1m[35m (4.9ms)[0m  [1m[35mCREATE TABLE "ar_internal_metadata" ("key" character varying NOT NULL PRIMARY KEY, "value" character varying, "created_at" timestamp(6) NOT NULL, "updated_at" timestamp(6) NOT NULL)[0m
  [1m[35m (0.2ms)[0m  [1m[34mSELECT pg_try_advisory_lock(5160052923520780740)[0m
  [1m[36mActiveRecord::SchemaMigration Load (1.0ms)[0m  [1m[34mSELECT "schema_migrations"."version" FROM "schema_migrations" ORDER BY "schema_migrations"."version" ASC[0m
  [1m[36mActiveRecord::InternalMetadata Load (0.7ms)[0m  [1m[34mSELECT * FROM "ar_internal_metadata" WHERE "ar_internal_metadata"."key" = $1 ORDER BY "ar_internal_metadata"."key" ASC LIMIT 1[0m  [[nil, "environment"]]
  [1m[36mActiveRecord::InternalMetadata Create (1.2ms)[0m  [1m[32mINSERT INTO "ar_internal_metadata" ("key", "value", "created_at", "updated_at") VALUES ('environment', 'development', '2024-10-04 12:23:01.880721', '2024-10-04 12:23:01.880723') RETURNING "key"[0m
Migrating to CreateTableF1 (20241003152341)
  [1m[35m (0.3ms)[0m  [1m[34mSELECT pg_advisory_unlock(5160052923520780740)[0m
  [1m[35m (0.2ms)[0m  [1m[34mSELECT pg_try_advisory_lock(5160052923520780740)[0m
  [1m[36mActiveRecord::SchemaMigration Load (1.2ms)[0m  [1m[34mSELECT "schema_migrations"."version" FROM "schema_migrations" ORDER BY "schema_migrations"."version" ASC[0m
  [1m[36mActiveRecord::InternalMetadata Load (0.8ms)[0m  [1m[34mSELECT * FROM "ar_internal_metadata" WHERE "ar_internal_metadata"."key" = $1 ORDER BY "ar_internal_metadata"."key" ASC LIMIT 1[0m  [[nil, "environment"]]
Migrating to CreateTableF1 (20241003152341)
  [1m[36mTRANSACTION (0.8ms)[0m  [1m[35mBEGIN[0m
  [1m[35m (19.6ms)[0m  [1m[35mCREATE TABLE "table_f1s" ("id" bigserial primary key, "name" character varying, "description" character varying, "maximum_speed" integer, "created_at" timestamp(6) NOT NULL, "updated_at" timestamp(6) NOT NULL)[0m
  [1m[36mActiveRecord::SchemaMigration Create (0.5ms)[0m  [1m[32mINSERT INTO "schema_migrations" ("version") VALUES ('20241003152341') RETURNING "version"[0m
  [1m[36mTRANSACTION (0.8ms)[0m  [1m[35mCOMMIT[0m
  [1m[35m (0.2ms)[0m  [1m[34mSELECT pg_advisory_unlock(5160052923520780740)[0m
  [1m[36mActiveRecord::SchemaMigration Load (0.5ms)[0m  [1m[34mSELECT "schema_migrations"."version" FROM "schema_migrations" ORDER BY "schema_migrations"."version" ASC[0m
  [1m[36mActiveRecord::SchemaMigration Load (1.0ms)[0m  [1m[34mSELECT "schema_migrations"."version" FROM "schema_migrations" ORDER BY "schema_migrations"."version" ASC[0m
  [1m[36mActiveRecord::SchemaMigration Load (0.3ms)[0m  [1m[34mSELECT "schema_migrations"."version" FROM "schema_migrations" ORDER BY "schema_migrations"."version" ASC[0m
  [1m[36mActiveRecord::SchemaMigration Load (0.2ms)[0m  [1m[34mSELECT "schema_migrations"."version" FROM "schema_migrations" ORDER BY "schema_migrations"."version" ASC[0m
  [1m[35m (0.3ms)[0m  [1m[34mSELECT pg_try_advisory_lock(5160052923520780740)[0m
  [1m[36mActiveRecord::SchemaMigration Load (0.2ms)[0m  [1m[34mSELECT "schema_migrations"."version" FROM "schema_migrations" ORDER BY "schema_migrations"."version" ASC[0m
Migrating to CreateTableF1 (20241003152341)
  [1m[36mTRANSACTION (0.6ms)[0m  [1m[35mBEGIN[0m
  [1m[35m (2.5ms)[0m  [1m[35mDROP TABLE "table_f1s"[0m
  [1m[36mActiveRecord::SchemaMigration Destroy (0.5ms)[0m  [1m[31mDELETE FROM "schema_migrations" WHERE "schema_migrations"."version" = '20241003152341'[0m
  [1m[36mTRANSACTION (1.6ms)[0m  [1m[35mCOMMIT[0m
  [1m[35m (0.2ms)[0m  [1m[34mSELECT pg_advisory_unlock(5160052923520780740)[0m
  [1m[36mActiveRecord::SchemaMigration Load (0.5ms)[0m  [1m[34mSELECT "schema_migrations"."version" FROM "schema_migrations" ORDER BY "schema_migrations"."version" ASC[0m
  [1m[35m (0.2ms)[0m  [1m[34mSELECT pg_try_advisory_lock(5160052923520780740)[0m
  [1m[36mActiveRecord::SchemaMigration Load (1.2ms)[0m  [1m[34mSELECT "schema_migrations"."version" FROM "schema_migrations" ORDER BY "schema_migrations"."version" ASC[0m
  [1m[36mActiveRecord::InternalMetadata Load (0.8ms)[0m  [1m[34mSELECT * FROM "ar_internal_metadata" WHERE "ar_internal_metadata"."key" = $1 ORDER BY "ar_internal_metadata"."key" ASC LIMIT 1[0m  [[nil, "environment"]]
Migrating to CreateTableF1 (20241003152341)
  [1m[36mTRANSACTION (0.8ms)[0m  [1m[35mBEGIN[0m
  [1m[35m (21.3ms)[0m  [1m[35mCREATE TABLE "f1s" ("id" bigserial primary key, "name" character varying, "description" character varying, "maximum_speed" integer, "created_at" timestamp(6) NOT NULL, "updated_at" timestamp(6) NOT NULL)[0m
  [1m[36mActiveRecord::SchemaMigration Create (0.4ms)[0m  [1m[32mINSERT INTO "schema_migrations" ("version") VALUES ('20241003152341') RETURNING "version"[0m
  [1m[36mTRANSACTION (0.7ms)[0m  [1m[35mCOMMIT[0m
  [1m[35m (0.2ms)[0m  [1m[34mSELECT pg_advisory_unlock(5160052923520780740)[0m
  [1m[36mActiveRecord::SchemaMigration Load (0.2ms)[0m  [1m[34mSELECT "schema_migrations"."version" FROM "schema_migrations" ORDER BY "schema_migrations"."version" ASC[0m
  [1m[36mActiveRecord::SchemaMigration Load (1.3ms)[0m  [1m[34mSELECT "schema_migrations"."version" FROM "schema_migrations" ORDER BY "schema_migrations"."version" ASC[0m
  [1m[36mActiveRecord::SchemaMigration Load (1.3ms)[0m  [1m[34mSELECT "schema_migrations"."version" FROM "schema_migrations" ORDER BY "schema_migrations"."version" ASC[0m
  [1m[36mF1 Delete All (0.5ms)[0m  [1m[31mDELETE FROM "f1s"[0m
  [1m[36mTRANSACTION (0.6ms)[0m  [1m[35mBEGIN[0m
  [1m[36mF1 Create (2.1ms)[0m  [1m[32mINSERT INTO "f1s" ("name", "description", "maximum_speed", "created_at", "updated_at") VALUES ($1, $2, $3, $4, $5) RETURNING "id"[0m  [["name", "Ferrari"], ["description", "Auto sportiva storica!"], ["maximum_speed", 350], ["created_at", "2024-10-04 12:33:57.217223"], ["updated_at", "2024-10-04 12:33:57.217223"]]
  [1m[36mTRANSACTION (1.2ms)[0m  [1m[35mCOMMIT[0m
  [1m[36mTRANSACTION (0.1ms)[0m  [1m[35mBEGIN[0m
  [1m[36mF1 Create (0.7ms)[0m  [1m[32mINSERT INTO "f1s" ("name", "description", "maximum_speed", "created_at", "updated_at") VALUES ($1, $2, $3, $4, $5) RETURNING "id"[0m  [["name", "McLaren"], ["description", "Bella"], ["maximum_speed", 340], ["created_at", "2024-10-04 12:33:57.225432"], ["updated_at", "2024-10-04 12:33:57.225432"]]
  [1m[36mTRANSACTION (1.1ms)[0m  [1m[35mCOMMIT[0m
Started GET "/" for 10.45.0.65 at 2024-10-04 12:34:43 +0000
Processing by CarsController#index as HTML
  Rendering text template
  Rendered text template (Duration: 0.1ms | GC: 0.0ms)
Completed 200 OK in 41ms (Views: 2.9ms | ActiveRecord: 0.0ms (0 queries, 0 cached) | GC: 7.5ms)


Started GET "/" for 10.45.0.65 at 2024-10-04 12:46:30 +0000
Processing by CarsController#index as HTML
  Rendering layout layouts/application.html.erb
  Rendering cars/index.erb within layouts/application
  [1m[36mF1 Load (118.6ms)[0m  [1m[34mSELECT "f1s".* FROM "f1s"[0m
  Rendered cars/index.erb within layouts/application (Duration: 138.0ms | GC: 0.8ms)
  Rendered layout layouts/application.html.erb (Duration: 140.9ms | GC: 0.8ms)
Completed 500 Internal Server Error in 161ms (ActiveRecord: 114.2ms (1 query, 0 cached) | GC: 1.0ms)


  
ActionView::Template::Error (connection to server at "10.45.0.66", port 7000 failed: Connection refused
	Is the server running on that host and accepting TCP/IP connections?
):

Causes:
ActiveRecord::ConnectionNotEstablished (connection to server at "10.45.0.66", port 7000 failed: Connection refused
	Is the server running on that host and accepting TCP/IP connections?
)
PG::ConnectionBad (connection to server at "10.45.0.66", port 7000 failed: Connection refused
	Is the server running on that host and accepting TCP/IP connections?
)
    1: <%= @f1s.each do |f1| %>
    2:   Nome: <%= f1.name %>
    3:   Descrizione: <%= f1.description %>
    4:   Velocità Massima: <%= f1.maximum_speed %>
  
app/views/cars/index.erb:1
Started GET "/" for 10.45.0.65 at 2024-10-04 12:47:35 +0000
Processing by CarsController#index as HTML
  Rendering layout layouts/application.html.erb
  Rendering cars/index.erb within layouts/application
  [1m[36mF1 Load (37.0ms)[0m  [1m[34mSELECT "f1s".* FROM "f1s"[0m
  Rendered cars/index.erb within layouts/application (Duration: 43.5ms | GC: 0.8ms)
  Rendered layout layouts/application.html.erb (Duration: 43.8ms | GC: 0.8ms)
Completed 500 Internal Server Error in 111ms (ActiveRecord: 44.2ms (1 query, 0 cached) | GC: 7.9ms)


  
ActionView::Template::Error (PG::UndefinedTable: ERROR:  relation "f1s" does not exist
LINE 1: SELECT "f1s".* FROM "f1s"
                            ^
):

Causes:
ActiveRecord::StatementInvalid (PG::UndefinedTable: ERROR:  relation "f1s" does not exist
LINE 1: SELECT "f1s".* FROM "f1s"
                            ^
)
PG::UndefinedTable (ERROR:  relation "f1s" does not exist
LINE 1: SELECT "f1s".* FROM "f1s"
                            ^
)
    1: <%= @f1s.each do |f1| %>
    2:   Nome: <%= f1.name %>
    3:   Descrizione: <%= f1.description %>
    4:   Velocità Massima: <%= f1.maximum_speed %>
  
  [1m[35m (7.3ms)[0m  [1m[35mCREATE TABLE "schema_migrations" ("version" character varying NOT NULL PRIMARY KEY)[0m
  [1m[35m (7.4ms)[0m  [1m[35mCREATE TABLE "ar_internal_metadata" ("key" character varying NOT NULL PRIMARY KEY, "value" character varying, "created_at" timestamp(6) NOT NULL, "updated_at" timestamp(6) NOT NULL)[0m
  [1m[35m (0.7ms)[0m  [1m[34mSELECT pg_try_advisory_lock(5160052923520780740)[0m
  [1m[36mActiveRecord::SchemaMigration Load (1.1ms)[0m  [1m[34mSELECT "schema_migrations"."version" FROM "schema_migrations" ORDER BY "schema_migrations"."version" ASC[0m
  [1m[36mActiveRecord::InternalMetadata Load (0.6ms)[0m  [1m[34mSELECT * FROM "ar_internal_metadata" WHERE "ar_internal_metadata"."key" = $1 ORDER BY "ar_internal_metadata"."key" ASC LIMIT 1[0m  [[nil, "environment"]]
  [1m[36mActiveRecord::InternalMetadata Create (1.5ms)[0m  [1m[32mINSERT INTO "ar_internal_metadata" ("key", "value", "created_at", "updated_at") VALUES ('environment', 'development', '2024-10-04 12:48:22.806468', '2024-10-04 12:48:22.806471') RETURNING "key"[0m
Migrating to CreateTableF1 (20241003152341)
  [1m[36mTRANSACTION (0.2ms)[0m  [1m[35mBEGIN[0m
  [1m[35m (5.5ms)[0m  [1m[35mCREATE TABLE "f1s" ("id" bigserial primary key, "name" character varying, "description" character varying, "maximum_speed" integer, "created_at" timestamp(6) NOT NULL, "updated_at" timestamp(6) NOT NULL)[0m
  [1m[36mActiveRecord::SchemaMigration Create (0.4ms)[0m  [1m[32mINSERT INTO "schema_migrations" ("version") VALUES ('20241003152341') RETURNING "version"[0m
  [1m[36mTRANSACTION (0.7ms)[0m  [1m[35mCOMMIT[0m
  [1m[35m (0.2ms)[0m  [1m[34mSELECT pg_advisory_unlock(5160052923520780740)[0m
  [1m[36mActiveRecord::SchemaMigration Load (0.2ms)[0m  [1m[34mSELECT "schema_migrations"."version" FROM "schema_migrations" ORDER BY "schema_migrations"."version" ASC[0m
  [1m[36mActiveRecord::SchemaMigration Load (1.4ms)[0m  [1m[34mSELECT "schema_migrations"."version" FROM "schema_migrations" ORDER BY "schema_migrations"."version" ASC[0m
  [1m[36mF1 Delete All (0.5ms)[0m  [1m[31mDELETE FROM "f1s"[0m
  [1m[36mTRANSACTION (0.6ms)[0m  [1m[35mBEGIN[0m
  [1m[36mF1 Create (1.6ms)[0m  [1m[32mINSERT INTO "f1s" ("name", "description", "maximum_speed", "created_at", "updated_at") VALUES ($1, $2, $3, $4, $5) RETURNING "id"[0m  [["name", "Ferrari"], ["description", "Auto sportiva storica!"], ["maximum_speed", 350], ["created_at", "2024-10-04 12:48:29.761156"], ["updated_at", "2024-10-04 12:48:29.761156"]]
  [1m[36mTRANSACTION (3.4ms)[0m  [1m[35mCOMMIT[0m
  [1m[36mTRANSACTION (0.2ms)[0m  [1m[35mBEGIN[0m
  [1m[36mF1 Create (0.8ms)[0m  [1m[32mINSERT INTO "f1s" ("name", "description", "maximum_speed", "created_at", "updated_at") VALUES ($1, $2, $3, $4, $5) RETURNING "id"[0m  [["name", "McLaren"], ["description", "Bella"], ["maximum_speed", 340], ["created_at", "2024-10-04 12:48:29.770843"], ["updated_at", "2024-10-04 12:48:29.770843"]]
  [1m[36mTRANSACTION (1.2ms)[0m  [1m[35mCOMMIT[0m
Started GET "/" for 10.45.0.65 at 2024-10-04 12:48:38 +0000
Processing by CarsController#index as HTML
  Rendering layout layouts/application.html.erb
  Rendering cars/index.erb within layouts/application
  [1m[36mF1 Load (2.6ms)[0m  [1m[34mSELECT "f1s".* FROM "f1s"[0m
  Rendered cars/index.erb within layouts/application (Duration: 36.9ms | GC: 0.0ms)
  Rendered layout layouts/application.html.erb (Duration: 62.1ms | GC: 0.0ms)
Completed 200 OK in 70ms (Views: 57.4ms | ActiveRecord: 7.9ms (1 query, 0 cached) | GC: 0.0ms)


Started GET "/" for 10.45.0.65 at 2024-10-04 12:49:41 +0000
Processing by CarsController#index as HTML
  Rendering layout layouts/application.html.erb
  Rendering cars/index.erb within layouts/application
  Rendered cars/index.erb within layouts/application (Duration: 1.1ms | GC: 0.0ms)
  Rendered layout layouts/application.html.erb (Duration: 1.3ms | GC: 0.0ms)
Completed 500 Internal Server Error in 7ms (ActiveRecord: 0.0ms (0 queries, 0 cached) | GC: 0.0ms)


  
ActionView::SyntaxErrorInTemplate (Encountered a syntax error while rendering template: check <%= @f1s.each do |f1| %>
  Nome: <%= f1.name %>
  Descrizione: <%= f1.description %>
  Velocità Massima: <%= f1.maximum_speed %>
<%= end %>
):

Causes:
ActiveSupport::SyntaxErrorProxy (/app/app/views/cars/index.erb:5: syntax error, unexpected `end'
...ze; @output_buffer.append=( end );
...                            ^~~
/app/app/views/cars/index.erb:7: syntax error, unexpected end-of-input, expecting `end' or dummy end
          end
             ^
)
1:    <%= @f1s.each do |f1| %>
2:      Nome: <%= f1.name %>
3:      Descrizione: <%= f1.description %>
4:      Velocità Massima: <%= f1.maximum_speed %>
5:    <%= end %>
  
app/views/cars/index.erb:5: syntax error, unexpected `end'
app/views/cars/index.erb:7: syntax error, unexpected end-of-input, expecting `end' or dummy end
Started GET "/" for 10.45.0.65 at 2024-10-04 12:49:55 +0000
Processing by CarsController#index as HTML
  Rendering layout layouts/application.html.erb
  Rendering cars/index.erb within layouts/application
  [1m[36mF1 Load (0.6ms)[0m  [1m[34mSELECT "f1s".* FROM "f1s"[0m
  Rendered cars/index.erb within layouts/application (Duration: 25.4ms | GC: 0.1ms)
  Rendered layout layouts/application.html.erb (Duration: 31.0ms | GC: 0.1ms)
Completed 200 OK in 39ms (Views: 29.4ms | ActiveRecord: 4.4ms (1 query, 0 cached) | GC: 0.1ms)


Started GET "/" for 10.45.0.65 at 2024-10-04 12:50:22 +0000
Processing by CarsController#index as HTML
  Rendering layout layouts/application.html.erb
  Rendering cars/index.erb within layouts/application
  [1m[36mF1 Load (0.5ms)[0m  [1m[34mSELECT "f1s".* FROM "f1s"[0m
  Rendered cars/index.erb within layouts/application (Duration: 20.3ms | GC: 0.0ms)
  Rendered layout layouts/application.html.erb (Duration: 23.8ms | GC: 0.1ms)
Completed 200 OK in 39ms (Views: 22.5ms | ActiveRecord: 3.0ms (1 query, 0 cached) | GC: 0.1ms)


Started GET "/" for 10.45.0.65 at 2024-10-04 12:50:43 +0000
Processing by CarsController#index as HTML
  Rendering layout layouts/application.html.erb
  Rendering cars/index.erb within layouts/application
  [1m[36mF1 Load (0.3ms)[0m  [1m[34mSELECT "f1s".* FROM "f1s"[0m
  Rendered cars/index.erb within layouts/application (Duration: 15.7ms | GC: 0.0ms)
  Rendered layout layouts/application.html.erb (Duration: 19.7ms | GC: 0.0ms)
Completed 200 OK in 29ms (Views: 17.9ms | ActiveRecord: 3.0ms (1 query, 0 cached) | GC: 0.3ms)


Started GET "/" for 10.45.0.65 at 2024-10-04 12:50:44 +0000
Processing by CarsController#index as HTML
  Rendering layout layouts/application.html.erb
  Rendering cars/index.erb within layouts/application
  [1m[36mF1 Load (0.5ms)[0m  [1m[34mSELECT "f1s".* FROM "f1s"[0m
  Rendered cars/index.erb within layouts/application (Duration: 4.4ms | GC: 0.0ms)
  Rendered layout layouts/application.html.erb (Duration: 14.1ms | GC: 0.0ms)
Completed 200 OK in 20ms (Views: 14.2ms | ActiveRecord: 0.4ms (1 query, 0 cached) | GC: 0.0ms)


Started GET "/" for 10.45.0.65 at 2024-10-04 12:50:44 +0000
Processing by CarsController#index as HTML
  Rendering layout layouts/application.html.erb
  Rendering cars/index.erb within layouts/application
  [1m[36mF1 Load (0.4ms)[0m  [1m[34mSELECT "f1s".* FROM "f1s"[0m
  Rendered cars/index.erb within layouts/application (Duration: 4.0ms | GC: 0.0ms)
  Rendered layout layouts/application.html.erb (Duration: 9.8ms | GC: 0.0ms)
Completed 200 OK in 12ms (Views: 9.8ms | ActiveRecord: 0.4ms (1 query, 0 cached) | GC: 0.0ms)


Started GET "/" for 10.45.0.65 at 2024-10-04 12:50:44 +0000
Processing by CarsController#index as HTML
  Rendering layout layouts/application.html.erb
  Rendering cars/index.erb within layouts/application
  [1m[36mF1 Load (0.2ms)[0m  [1m[34mSELECT "f1s".* FROM "f1s"[0m
  Rendered cars/index.erb within layouts/application (Duration: 3.8ms | GC: 0.0ms)
  Rendered layout layouts/application.html.erb (Duration: 8.8ms | GC: 0.0ms)
Completed 200 OK in 10ms (Views: 9.1ms | ActiveRecord: 0.2ms (1 query, 0 cached) | GC: 0.0ms)


Started GET "/" for 10.45.0.65 at 2024-10-04 12:51:47 +0000
Processing by CarsController#index as HTML
  Rendering layout layouts/application.html.erb
  Rendering cars/index.erb within layouts/application
  [1m[36mF1 Load (1.9ms)[0m  [1m[34mSELECT "f1s".* FROM "f1s"[0m
  Rendered cars/index.erb within layouts/application (Duration: 27.4ms | GC: 0.0ms)
  Rendered layout layouts/application.html.erb (Duration: 41.7ms | GC: 3.4ms)
Completed 200 OK in 60ms (Views: 39.5ms | ActiveRecord: 4.4ms (1 query, 0 cached) | GC: 3.4ms)


  [1m[35m (7.1ms)[0m  [1m[35mCREATE TABLE "schema_migrations" ("version" character varying NOT NULL PRIMARY KEY)[0m
  [1m[35m (6.0ms)[0m  [1m[35mCREATE TABLE "ar_internal_metadata" ("key" character varying NOT NULL PRIMARY KEY, "value" character varying, "created_at" timestamp(6) NOT NULL, "updated_at" timestamp(6) NOT NULL)[0m
  [1m[35m (0.3ms)[0m  [1m[34mSELECT pg_try_advisory_lock(5160052923520780740)[0m
  [1m[36mActiveRecord::SchemaMigration Load (1.0ms)[0m  [1m[34mSELECT "schema_migrations"."version" FROM "schema_migrations" ORDER BY "schema_migrations"."version" ASC[0m
  [1m[36mActiveRecord::InternalMetadata Load (0.7ms)[0m  [1m[34mSELECT * FROM "ar_internal_metadata" WHERE "ar_internal_metadata"."key" = $1 ORDER BY "ar_internal_metadata"."key" ASC LIMIT 1[0m  [[nil, "environment"]]
  [1m[36mActiveRecord::InternalMetadata Create (2.0ms)[0m  [1m[32mINSERT INTO "ar_internal_metadata" ("key", "value", "created_at", "updated_at") VALUES ('environment', 'development', '2024-10-04 13:00:32.027792', '2024-10-04 13:00:32.027795') RETURNING "key"[0m
Migrating to CreateTableF1 (20241003152341)
  [1m[36mTRANSACTION (0.2ms)[0m  [1m[35mBEGIN[0m
  [1m[35m (5.4ms)[0m  [1m[35mCREATE TABLE "f1s" ("id" bigserial primary key, "name" character varying, "description" character varying, "maximum_speed" integer, "created_at" timestamp(6) NOT NULL, "updated_at" timestamp(6) NOT NULL)[0m
  [1m[36mActiveRecord::SchemaMigration Create (0.4ms)[0m  [1m[32mINSERT INTO "schema_migrations" ("version") VALUES ('20241003152341') RETURNING "version"[0m
  [1m[36mTRANSACTION (0.7ms)[0m  [1m[35mCOMMIT[0m
  [1m[35m (0.2ms)[0m  [1m[34mSELECT pg_advisory_unlock(5160052923520780740)[0m
  [1m[36mActiveRecord::SchemaMigration Load (0.2ms)[0m  [1m[34mSELECT "schema_migrations"."version" FROM "schema_migrations" ORDER BY "schema_migrations"."version" ASC[0m
  [1m[36mActiveRecord::SchemaMigration Load (1.4ms)[0m  [1m[34mSELECT "schema_migrations"."version" FROM "schema_migrations" ORDER BY "schema_migrations"."version" ASC[0m
  [1m[36mF1 Delete All (0.5ms)[0m  [1m[31mDELETE FROM "f1s"[0m
  [1m[36mTRANSACTION (0.7ms)[0m  [1m[35mBEGIN[0m
  [1m[36mF1 Create (1.6ms)[0m  [1m[32mINSERT INTO "f1s" ("name", "description", "maximum_speed", "created_at", "updated_at") VALUES ($1, $2, $3, $4, $5) RETURNING "id"[0m  [["name", "Ferrari"], ["description", "Auto sportiva storica!"], ["maximum_speed", 350], ["created_at", "2024-10-04 13:00:37.763940"], ["updated_at", "2024-10-04 13:00:37.763940"]]
  [1m[36mTRANSACTION (0.7ms)[0m  [1m[35mCOMMIT[0m
  [1m[36mTRANSACTION (0.1ms)[0m  [1m[35mBEGIN[0m
  [1m[36mF1 Create (0.7ms)[0m  [1m[32mINSERT INTO "f1s" ("name", "description", "maximum_speed", "created_at", "updated_at") VALUES ($1, $2, $3, $4, $5) RETURNING "id"[0m  [["name", "McLaren"], ["description", "Bella"], ["maximum_speed", 340], ["created_at", "2024-10-04 13:00:37.771491"], ["updated_at", "2024-10-04 13:00:37.771491"]]
  [1m[36mTRANSACTION (2.1ms)[0m  [1m[35mCOMMIT[0m
Started GET "/" for 10.45.0.65 at 2024-10-04 13:00:43 +0000
Processing by CarsController#index as HTML
  Rendering layout layouts/application.html.erb
  Rendering cars/index.erb within layouts/application
  [1m[36mF1 Load (29.6ms)[0m  [1m[34mSELECT "f1s".* FROM "f1s"[0m
  Rendered cars/index.erb within layouts/application (Duration: 60.9ms | GC: 0.9ms)
  Rendered layout layouts/application.html.erb (Duration: 75.6ms | GC: 0.9ms)
Completed 200 OK in 142ms (Views: 39.3ms | ActiveRecord: 41.1ms (1 query, 0 cached) | GC: 8.3ms)


